GPU Monitor Started: Fri Nov 28 01:12:52 EST 2025
Update Interval: 20 seconds
Format: [Timestamp] GPU_ID, Util%, Mem%, MemUsed_MB, Temp_C, Power_W
----------------------------------------
[2025-11-28 01:12:52]
0, 0, 0, 0, 28, 62.19
1, 0, 0, 0, 28, 59.17
2, 0, 0, 0, 27, 60.82
3, 0, 0, 0, 27, 60.35
[2025-11-28 01:13:12]
0, 64, 7, 962, 33, 143.51
1, 48, 5, 962, 32, 124.33
2, 55, 6, 962, 32, 136.22
3, 48, 5, 962, 31, 128.51
[2025-11-28 01:13:32]
0, 65, 7, 962, 34, 144.62
1, 50, 5, 962, 33, 129.48
2, 56, 6, 962, 32, 137.05
3, 50, 5, 962, 32, 131.52
[2025-11-28 01:13:52]
0, 64, 7, 962, 34, 144.46
1, 49, 5, 962, 33, 132.15
2, 55, 6, 962, 32, 137.29
3, 48, 5, 962, 32, 133.13
[2025-11-28 01:14:12]
0, 63, 6, 962, 34, 143.80
1, 49, 5, 962, 33, 129.72
2, 54, 6, 962, 32, 135.40
3, 49, 5, 962, 32, 134.04
[2025-11-28 01:14:32]
0, 64, 7, 962, 34, 144.04
1, 48, 5, 962, 33, 125.16
2, 55, 6, 962, 32, 136.47
3, 48, 5, 962, 32, 130.84
[2025-11-28 01:14:52]
0, 64, 7, 962, 34, 145.23
1, 47, 5, 962, 33, 127.05
2, 55, 6, 962, 32, 137.05
3, 47, 5, 962, 32, 128.80
[2025-11-28 01:15:12]
0, 63, 7, 962, 34, 144.33
1, 49, 5, 962, 33, 125.93
2, 54, 6, 962, 32, 137.05
3, 49, 5, 962, 32, 129.09
[2025-11-28 01:15:33]
0, 63, 6, 962, 34, 143.80
1, 48, 5, 962, 33, 126.76
2, 55, 6, 962, 32, 136.76
3, 48, 5, 962, 32, 129.34
[2025-11-28 01:15:53]
0, 64, 7, 962, 34, 144.62
1, 48, 5, 962, 33, 125.69
2, 55, 6, 962, 32, 136.47
3, 48, 5, 962, 32, 128.27
[2025-11-28 01:16:13]
0, 63, 6, 962, 34, 144.04
1, 48, 5, 962, 33, 126.22
2, 54, 6, 962, 32, 135.69
3, 47, 5, 962, 32, 128.27
[2025-11-28 01:16:33]
0, 63, 6, 962, 34, 143.51
1, 49, 5, 962, 33, 127.05
2, 54, 6, 962, 32, 136.22
3, 49, 5, 962, 32, 132.88
[2025-11-28 01:16:53]
0, 63, 7, 962, 34, 144.86
1, 50, 5, 962, 33, 130.01
2, 55, 6, 962, 32, 135.40
3, 50, 5, 962, 32, 131.23
[2025-11-28 01:17:13]
0, 56, 6, 962, 33, 137.58
1, 47, 5, 962, 33, 125.69
2, 57, 6, 962, 32, 138.12
3, 48, 5, 962, 32, 127.97
[2025-11-28 01:17:33]
0, 60, 6, 962, 33, 140.91
1, 48, 5, 962, 33, 126.22
2, 61, 7, 962, 32, 142.98
3, 48, 5, 962, 32, 130.40
[2025-11-28 01:17:53]
0, 58, 6, 962, 33, 138.95
1, 52, 5, 962, 33, 128.12
2, 57, 6, 962, 32, 140.01
3, 54, 6, 962, 32, 130.40
[2025-11-28 01:18:13]
0, 0, 0, 4, 28, 61.68
1, 48, 5, 962, 33, 123.94
2, 61, 7, 962, 32, 141.24
3, 47, 5, 962, 32, 127.59
[2025-11-28 01:18:33]
0, 0, 0, 4, 27, 61.39
1, 48, 5, 962, 33, 125.54
2, 68, 7, 962, 33, 149.89
3, 48, 5, 962, 32, 128.42
[2025-11-28 01:18:53]
0, 0, 0, 4, 27, 61.21
1, 50, 5, 962, 33, 122.57
2, 0, 0, 4, 26, 60.75
3, 44, 5, 962, 31, 124.23
[2025-11-28 01:19:14]
0, 0, 0, 4, 26, 61.21
1, 42, 4, 962, 32, 121.50
2, 0, 0, 4, 25, 60.46
3, 41, 4, 962, 31, 123.11
[2025-11-28 01:19:34]
0, 0, 0, 0, 26, 61.35
1, 0, 0, 0, 28, 59.23
2, 0, 0, 0, 25, 60.28
3, 0, 0, 0, 27, 60.35
[2025-11-28 01:19:54]
0, 100, 46, 1938, 42, 269.39
1, 100, 46, 1938, 43, 261.96
2, 100, 47, 1938, 41, 273.96
3, 100, 46, 1938, 42, 272.94
[2025-11-28 01:20:14]
0, 100, 46, 1938, 44, 271.80
1, 100, 46, 1938, 44, 262.71
2, 100, 47, 1938, 43, 275.55
3, 100, 46, 1938, 44, 274.52
[2025-11-28 01:20:34]
0, 100, 46, 1938, 44, 272.33
1, 100, 46, 1938, 44, 263.24
2, 100, 47, 1938, 44, 275.84
3, 100, 46, 1938, 44, 274.82
[2025-11-28 01:20:54]
0, 100, 46, 1938, 45, 272.90
1, 100, 46, 1938, 45, 263.52
2, 100, 47, 1938, 44, 276.37
3, 100, 46, 1938, 44, 275.34
[2025-11-28 01:21:14]
0, 100, 46, 1938, 45, 273.44
1, 100, 46, 1938, 45, 264.06
2, 100, 47, 1938, 44, 277.19
3, 100, 46, 1938, 44, 275.87
[2025-11-28 01:21:34]
0, 100, 46, 1938, 45, 273.68
1, 100, 46, 1938, 45, 263.77
2, 100, 47, 1938, 44, 277.19
3, 100, 46, 1938, 44, 276.40
[2025-11-28 01:21:54]
0, 100, 46, 1938, 45, 273.96
1, 100, 46, 1938, 45, 264.30
2, 100, 47, 1938, 44, 277.43
3, 100, 46, 1938, 45, 276.08
[2025-11-28 01:22:14]
0, 100, 46, 1938, 45, 274.20
1, 100, 46, 1938, 45, 264.30
2, 100, 47, 1938, 44, 274.20
3, 100, 46, 1938, 45, 276.40
[2025-11-28 01:22:35]
0, 100, 46, 1938, 45, 274.20
1, 100, 46, 1938, 45, 264.58
2, 100, 47, 1938, 44, 274.50
3, 100, 46, 1938, 45, 276.69
[2025-11-28 01:22:55]
0, 100, 46, 1938, 45, 274.20
1, 100, 46, 1938, 45, 264.30
2, 100, 47, 1938, 44, 273.96
3, 100, 46, 1938, 45, 276.08
[2025-11-28 01:23:15]
0, 100, 46, 1938, 45, 273.64
1, 100, 46, 1938, 45, 264.30
2, 100, 47, 1938, 44, 277.95
3, 100, 46, 1938, 45, 276.08
[2025-11-28 01:23:35]
0, 100, 46, 1938, 45, 273.88
1, 100, 46, 1938, 45, 264.30
2, 100, 47, 1938, 44, 277.95
3, 100, 46, 1938, 45, 276.37
[2025-11-28 01:23:55]
0, 100, 46, 1938, 46, 274.50
1, 100, 46, 1938, 45, 264.30
2, 100, 47, 1938, 44, 272.90
3, 100, 46, 1938, 45, 273.22
[2025-11-28 01:24:15]
0, 100, 46, 1938, 46, 274.17
1, 100, 46, 1938, 45, 264.58
2, 100, 47, 1938, 44, 275.31
3, 100, 46, 1938, 45, 276.61
[2025-11-28 01:24:35]
0, 100, 46, 1938, 46, 274.50
1, 100, 46, 1938, 45, 264.30
2, 100, 47, 1938, 44, 273.96
3, 100, 46, 1938, 45, 272.62
[2025-11-28 01:24:55]
0, 100, 46, 1938, 46, 274.17
1, 100, 46, 1938, 45, 264.30
2, 100, 47, 1938, 44, 274.20
3, 100, 46, 1938, 45, 273.14
[2025-11-28 01:25:15]
0, 100, 46, 1938, 46, 270.95
1, 100, 46, 1938, 45, 264.06
2, 100, 47, 1938, 44, 274.20
3, 100, 46, 1938, 45, 273.22
[2025-11-28 01:25:36]
0, 100, 46, 1938, 46, 274.17
1, 100, 46, 1938, 45, 263.77
2, 100, 47, 1938, 44, 273.68
3, 100, 46, 1938, 45, 272.90
[2025-11-28 01:25:56]
0, 0, 0, 1938, 36, 88.85
1, 5, 0, 1938, 37, 84.08
2, 77, 36, 1938, 38, 89.68
3, 19, 8, 1938, 38, 87.59
[2025-11-28 01:26:16]
0, 60, 4, 2252, 34, 130.25
1, 62, 4, 2252, 34, 127.29
2, 58, 4, 2252, 33, 133.51
3, 57, 4, 2252, 33, 127.73
[2025-11-28 01:26:36]
0, 60, 4, 2252, 33, 129.19
1, 63, 5, 2252, 34, 127.29
2, 56, 4, 2252, 32, 131.91
3, 58, 4, 2252, 32, 128.27
[2025-11-28 01:26:56]
0, 60, 4, 2252, 33, 130.01
1, 62, 4, 2252, 33, 125.16
2, 58, 4, 2252, 32, 132.98
3, 57, 4, 2252, 32, 127.73
[2025-11-28 01:27:16]
0, 60, 4, 2252, 33, 129.48
1, 61, 4, 2252, 33, 126.37
2, 58, 4, 2252, 32, 132.98
3, 57, 4, 2252, 32, 127.97
[2025-11-28 01:27:36]
0, 60, 4, 2252, 33, 129.19
1, 63, 5, 2252, 33, 127.82
2, 58, 4, 2252, 32, 133.26
3, 58, 4, 2252, 32, 127.97
[2025-11-28 01:27:56]
0, 60, 4, 2252, 33, 128.65
1, 63, 4, 2252, 33, 127.82
2, 59, 4, 2252, 32, 133.26
3, 59, 4, 2252, 32, 127.97
[2025-11-28 01:28:16]
0, 60, 4, 2252, 33, 128.12
1, 63, 5, 2252, 33, 127.20
2, 58, 4, 2252, 32, 133.51
3, 58, 4, 2252, 32, 127.97
[2025-11-28 01:28:37]
0, 60, 4, 2252, 33, 129.19
1, 61, 4, 2252, 33, 125.84
2, 58, 4, 2252, 32, 132.44
3, 57, 4, 2252, 32, 126.91
[2025-11-28 01:28:57]
0, 60, 4, 2252, 33, 128.65
1, 62, 4, 2252, 33, 126.08
2, 58, 4, 2252, 32, 132.15
3, 58, 4, 2252, 32, 127.73
[2025-11-28 01:29:17]
0, 61, 4, 2252, 33, 128.94
1, 63, 5, 2252, 33, 127.58
2, 56, 4, 2252, 32, 132.73
3, 59, 4, 2252, 32, 128.51
[2025-11-28 01:29:37]
0, 60, 4, 2252, 33, 128.94
1, 62, 4, 2252, 33, 127.20
2, 58, 4, 2252, 32, 132.15
3, 56, 4, 2252, 32, 126.61
[2025-11-28 01:29:57]
0, 60, 4, 2252, 33, 129.19
1, 63, 5, 2252, 33, 126.47
2, 59, 4, 2252, 32, 132.98
3, 59, 4, 2252, 32, 127.73
[2025-11-28 01:30:17]
0, 60, 4, 2252, 33, 128.94
1, 62, 4, 2252, 33, 126.08
2, 58, 4, 2252, 32, 132.98
3, 57, 4, 2252, 32, 127.97
[2025-11-28 01:30:37]
0, 56, 4, 2252, 32, 121.22
1, 0, 0, 2252, 31, 82.87
2, 52, 4, 2252, 31, 117.19
3, 43, 3, 2252, 31, 112.40
[2025-11-28 01:30:57]
0, 0, 0, 4, 28, 61.82
1, 0, 0, 4, 27, 58.85
2, 39, 3, 2252, 29, 106.30
3, 40, 3, 2252, 29, 100.47
[2025-11-28 01:31:17]
0, 0, 0, 4, 27, 61.53
1, 0, 0, 4, 27, 58.85
2, 64, 5, 2252, 31, 137.24
3, 0, 0, 2252, 28, 73.85
[2025-11-28 01:31:37]
0, 100, 85, 6178, 42, 328.21
1, 100, 85, 6178, 43, 327.16
2, 100, 85, 6178, 43, 337.85
3, 100, 85, 6178, 43, 336.38
[2025-11-28 01:31:58]
0, 100, 85, 6230, 48, 336.93
1, 100, 85, 6230, 48, 330.09
2, 100, 85, 6230, 47, 342.12
3, 100, 85, 6230, 48, 340.24
[2025-11-28 01:32:18]
0, 100, 85, 6230, 49, 334.53
1, 100, 85, 6230, 49, 331.43
2, 100, 85, 6230, 48, 343.58
3, 100, 85, 6230, 48, 338.08
[2025-11-28 01:32:38]
0, 100, 85, 6230, 49, 334.25
1, 100, 85, 6230, 49, 330.27
2, 100, 85, 6230, 48, 339.84
3, 100, 85, 6230, 49, 341.83
[2025-11-28 01:32:58]
0, 100, 85, 6230, 49, 335.59
1, 100, 85, 6230, 50, 331.04
2, 100, 85, 6230, 49, 341.18
3, 100, 85, 6230, 49, 339.19
[2025-11-28 01:33:18]
0, 100, 85, 6230, 50, 335.29
1, 100, 85, 6230, 50, 331.32
2, 100, 85, 6230, 49, 339.84
3, 100, 85, 6230, 49, 339.72
[2025-11-28 01:33:38]
0, 100, 85, 6230, 50, 335.06
1, 100, 85, 6230, 50, 332.14
2, 100, 85, 6230, 49, 339.84
3, 100, 85, 6230, 49, 339.43
[2025-11-28 01:33:58]
0, 100, 85, 6230, 50, 335.59
1, 100, 85, 6230, 50, 331.85
2, 100, 85, 6230, 49, 340.37
3, 100, 85, 6230, 49, 338.90
[2025-11-28 01:34:18]
0, 100, 85, 6230, 50, 335.83
1, 100, 85, 6230, 50, 331.85
2, 100, 85, 6230, 49, 341.18
3, 100, 85, 6230, 49, 339.72
[2025-11-28 01:34:38]
0, 100, 85, 6230, 50, 335.83
1, 100, 85, 6230, 50, 330.80
2, 100, 85, 6230, 49, 341.18
3, 100, 85, 6230, 49, 338.90
[2025-11-28 01:34:59]
0, 100, 85, 6230, 50, 336.24
1, 100, 85, 6230, 50, 332.14
2, 100, 85, 6230, 49, 340.37
3, 100, 85, 6230, 49, 340.37
[2025-11-28 01:35:19]
0, 100, 85, 6230, 50, 336.53
1, 100, 85, 6230, 50, 332.38
2, 100, 85, 6230, 49, 340.90
3, 100, 85, 6230, 49, 339.72
[2025-11-28 01:35:39]
0, 100, 85, 6230, 50, 337.45
1, 100, 85, 6230, 50, 332.38
2, 100, 85, 6230, 49, 342.00
3, 100, 85, 6230, 49, 339.43
[2025-11-28 01:35:59]
0, 100, 85, 6230, 50, 336.24
1, 100, 85, 6230, 51, 331.85
2, 100, 85, 6230, 49, 341.71
3, 100, 85, 6230, 50, 339.84
[2025-11-28 01:36:19]
0, 100, 85, 6230, 51, 341.03
1, 100, 85, 6230, 51, 332.66
2, 100, 85, 6230, 49, 341.43
3, 100, 85, 6230, 50, 339.84
[2025-11-28 01:36:39]
0, 100, 85, 6230, 51, 340.26
1, 100, 85, 6230, 51, 332.38
2, 100, 85, 6230, 49, 341.83
3, 100, 85, 6230, 50, 341.18
[2025-11-28 01:36:59]
0, 100, 85, 6230, 51, 340.50
1, 100, 85, 6230, 51, 332.66
2, 100, 85, 6230, 49, 342.24
3, 100, 85, 6230, 50, 339.32
[2025-11-28 01:37:19]
0, 100, 85, 6230, 51, 339.73
1, 100, 85, 6230, 51, 332.90
2, 100, 85, 6230, 49, 340.90
3, 100, 85, 6230, 50, 339.56
[2025-11-28 01:37:39]
0, 100, 85, 6230, 51, 341.83
1, 100, 85, 6230, 51, 333.43
2, 100, 85, 6230, 49, 341.43
3, 100, 85, 6230, 50, 340.90
[2025-11-28 01:37:59]
0, 100, 85, 6230, 51, 341.31
1, 100, 85, 6230, 51, 333.43
2, 100, 85, 6230, 50, 345.86
3, 100, 85, 6230, 50, 340.37
[2025-11-28 01:38:20]
0, 100, 85, 6230, 51, 341.31
1, 100, 85, 6230, 51, 332.27
2, 100, 85, 6230, 50, 347.15
3, 100, 85, 6230, 50, 341.43
[2025-11-28 01:38:40]
0, 100, 85, 6230, 51, 342.12
1, 100, 85, 6230, 51, 332.80
2, 100, 85, 6230, 50, 346.90
3, 100, 85, 6230, 50, 341.43
[2025-11-28 01:39:00]
0, 100, 85, 6230, 51, 341.60
1, 100, 85, 6230, 51, 333.19
2, 100, 85, 6230, 50, 346.09
3, 100, 85, 6230, 50, 341.43
[2025-11-28 01:39:20]
0, 100, 85, 6230, 51, 341.60
1, 100, 85, 6230, 51, 334.53
2, 100, 85, 6230, 50, 346.90
3, 100, 85, 6230, 50, 341.71
[2025-11-28 01:39:40]
0, 100, 85, 6230, 51, 342.36
1, 100, 85, 6230, 51, 334.00
2, 100, 85, 6230, 50, 347.02
3, 100, 85, 6230, 50, 341.18
[2025-11-28 01:40:00]
0, 100, 85, 6230, 51, 341.60
1, 100, 85, 6230, 51, 334.25
2, 100, 85, 6230, 50, 347.15
3, 100, 85, 6230, 50, 342.52
[2025-11-28 01:40:20]
0, 100, 85, 6230, 51, 342.65
1, 100, 85, 6230, 51, 333.04
2, 100, 85, 6230, 50, 347.95
3, 100, 85, 6230, 50, 342.24
[2025-11-28 01:40:40]
0, 100, 85, 6230, 51, 342.12
1, 100, 85, 6230, 51, 333.43
2, 100, 85, 6230, 50, 346.62
3, 100, 85, 6230, 50, 340.90
[2025-11-28 01:41:01]
0, 100, 85, 6230, 51, 342.65
1, 100, 85, 6230, 51, 333.19
2, 100, 85, 6230, 50, 347.15
3, 100, 85, 6230, 50, 340.37
[2025-11-28 01:41:21]
0, 100, 85, 6230, 51, 343.17
1, 100, 85, 6230, 51, 333.85
2, 100, 85, 6230, 50, 348.77
3, 100, 85, 6230, 50, 341.43
[2025-11-28 01:41:41]
0, 100, 85, 6230, 51, 341.83
1, 100, 85, 6230, 51, 333.32
2, 100, 85, 6230, 50, 346.90
3, 100, 85, 6230, 50, 342.52
[2025-11-28 01:42:01]
0, 100, 85, 6230, 51, 342.65
1, 100, 85, 6230, 51, 333.04
2, 100, 85, 6230, 50, 348.25
3, 100, 85, 6230, 50, 343.05
[2025-11-28 01:42:21]
0, 100, 85, 6230, 51, 342.36
1, 100, 85, 6230, 51, 334.53
2, 100, 85, 6230, 50, 347.43
3, 100, 85, 6230, 50, 342.77
[2025-11-28 01:42:41]
0, 100, 85, 6230, 51, 343.46
1, 100, 85, 6230, 51, 333.04
2, 100, 85, 6230, 50, 347.95
3, 100, 85, 6230, 50, 341.71
[2025-11-28 01:43:01]
0, 100, 85, 6230, 51, 343.46
1, 100, 85, 6230, 51, 334.25
2, 100, 85, 6230, 50, 348.25
3, 100, 85, 6230, 50, 342.24
[2025-11-28 01:43:21]
0, 100, 85, 6230, 51, 342.89
1, 100, 85, 6230, 51, 334.53
2, 100, 85, 6230, 50, 347.95
3, 100, 85, 6230, 50, 342.52
[2025-11-28 01:43:41]
0, 100, 85, 6230, 51, 342.65
1, 100, 85, 6230, 51, 334.25
2, 100, 85, 6230, 50, 347.72
3, 100, 85, 6230, 50, 342.52
[2025-11-28 01:44:01]
0, 100, 85, 6230, 51, 341.83
1, 100, 85, 6230, 51, 334.38
2, 100, 85, 6230, 50, 348.25
3, 100, 85, 6230, 50, 342.24
[2025-11-28 01:44:22]
0, 100, 85, 6230, 51, 343.17
1, 100, 85, 6230, 51, 334.38
2, 100, 85, 6230, 50, 346.90
3, 100, 85, 6230, 50, 342.00
[2025-11-28 01:44:42]
0, 100, 85, 6230, 51, 343.46
1, 100, 85, 6230, 51, 334.14
2, 100, 85, 6230, 50, 346.90
3, 100, 85, 6230, 50, 341.71
[2025-11-28 01:45:02]
0, 100, 85, 6230, 51, 342.36
1, 100, 85, 6230, 51, 334.66
2, 100, 85, 6230, 50, 347.15
3, 100, 85, 6230, 50, 341.71
[2025-11-28 01:45:22]
0, 100, 85, 6230, 51, 341.43
1, 100, 85, 6230, 51, 334.25
2, 100, 85, 6230, 50, 347.15
3, 100, 85, 6230, 50, 342.00
[2025-11-28 01:45:42]
0, 100, 85, 6230, 51, 342.89
1, 100, 85, 6230, 51, 334.25
2, 100, 85, 6230, 50, 348.48
3, 100, 85, 6230, 50, 341.18
[2025-11-28 01:46:02]
0, 100, 85, 6230, 51, 341.31
1, 100, 85, 6230, 51, 334.14
2, 100, 85, 6230, 50, 348.48
3, 100, 85, 6230, 50, 342.52
[2025-11-28 01:46:22]
0, 100, 85, 6230, 51, 342.12
1, 100, 85, 6230, 51, 334.00
2, 100, 85, 6230, 50, 346.09
3, 100, 85, 6230, 50, 340.90
[2025-11-28 01:46:42]
0, 100, 85, 6230, 51, 341.83
1, 100, 85, 6230, 51, 333.43
2, 100, 85, 6230, 50, 347.15
3, 100, 85, 6230, 50, 342.77
[2025-11-28 01:47:02]
0, 100, 85, 6230, 51, 342.12
1, 100, 85, 6230, 51, 332.27
2, 100, 85, 6230, 50, 346.90
3, 100, 85, 6230, 50, 342.77
[2025-11-28 01:47:23]
0, 100, 85, 6230, 51, 341.31
1, 100, 85, 6230, 51, 332.80
2, 100, 85, 6230, 50, 346.09
3, 100, 85, 6230, 50, 342.52
[2025-11-28 01:47:43]
0, 100, 85, 6230, 51, 341.83
1, 100, 85, 6230, 51, 332.38
2, 100, 85, 6230, 50, 345.56
3, 100, 85, 6230, 50, 340.90
[2025-11-28 01:48:03]
0, 100, 85, 6230, 51, 340.50
1, 100, 85, 6230, 51, 332.80
2, 100, 85, 6230, 50, 345.56
3, 100, 85, 6230, 50, 341.18
[2025-11-28 01:48:23]
0, 100, 85, 6230, 51, 340.26
1, 100, 85, 6230, 51, 332.27
2, 100, 85, 6230, 50, 346.09
3, 100, 85, 6230, 50, 340.13
[2025-11-28 01:48:43]
0, 100, 85, 6230, 51, 340.50
1, 100, 85, 6230, 51, 333.32
2, 100, 85, 6230, 50, 344.76
3, 100, 85, 6230, 50, 340.66
[2025-11-28 01:49:03]
0, 100, 85, 6230, 51, 340.78
1, 100, 85, 6230, 51, 332.51
2, 100, 85, 6230, 50, 345.04
3, 100, 85, 6230, 50, 340.90
[2025-11-28 01:49:23]
0, 100, 85, 6230, 51, 340.50
1, 100, 85, 6230, 51, 333.43
2, 100, 85, 6230, 50, 345.56
3, 100, 85, 6230, 50, 341.18
[2025-11-28 01:49:43]
0, 100, 85, 6230, 51, 340.50
1, 100, 85, 6230, 51, 332.90
2, 100, 85, 6230, 50, 345.86
3, 100, 85, 6230, 50, 342.52
[2025-11-28 01:50:03]
0, 100, 85, 6230, 51, 341.31
1, 100, 85, 6230, 51, 333.19
2, 100, 85, 6230, 50, 345.86
3, 100, 85, 6230, 50, 341.71
[2025-11-28 01:50:24]
0, 100, 85, 6230, 51, 340.50
1, 100, 85, 6230, 51, 332.38
2, 100, 85, 6230, 50, 345.86
3, 100, 85, 6230, 50, 340.90
[2025-11-28 01:50:44]
0, 100, 85, 6230, 51, 341.31
1, 100, 85, 6230, 51, 333.04
2, 100, 85, 6230, 50, 346.09
3, 100, 85, 6230, 50, 342.00
[2025-11-28 01:51:04]
0, 100, 85, 6230, 51, 339.97
1, 100, 85, 6230, 51, 332.14
2, 100, 85, 6230, 50, 346.62
3, 100, 85, 6230, 50, 341.71
[2025-11-28 01:51:24]
0, 100, 85, 6230, 51, 340.78
1, 100, 85, 6230, 51, 332.51
2, 100, 85, 6230, 50, 345.86
3, 100, 85, 6230, 50, 341.71
[2025-11-28 01:51:44]
0, 100, 85, 6230, 51, 340.50
1, 100, 85, 6230, 51, 333.72
2, 100, 85, 6230, 50, 346.38
3, 100, 85, 6230, 50, 339.84
[2025-11-28 01:52:04]
0, 100, 85, 6230, 51, 340.50
1, 100, 85, 6230, 51, 333.72
2, 100, 85, 6230, 50, 345.86
3, 100, 85, 6230, 50, 340.90
[2025-11-28 01:52:24]
0, 100, 85, 6230, 51, 340.78
1, 100, 85, 6230, 51, 332.51
2, 100, 85, 6230, 50, 345.16
3, 100, 85, 6230, 50, 341.71
[2025-11-28 01:52:44]
0, 100, 85, 6230, 51, 340.78
1, 100, 85, 6230, 51, 333.19
2, 100, 85, 6230, 50, 345.04
3, 100, 85, 6230, 50, 341.71
[2025-11-28 01:53:04]
0, 100, 85, 6230, 51, 341.03
1, 100, 85, 6230, 51, 332.66
2, 100, 85, 6230, 50, 345.86
3, 100, 85, 6230, 50, 340.90
[2025-11-28 01:53:25]
0, 100, 85, 6230, 51, 341.31
1, 100, 85, 6230, 51, 332.66
2, 100, 85, 6230, 50, 345.04
3, 100, 85, 6230, 50, 341.18
[2025-11-28 01:53:45]
0, 100, 85, 6230, 51, 339.97
1, 100, 85, 6230, 51, 333.43
2, 100, 85, 6230, 50, 344.23
3, 100, 85, 6230, 50, 340.37
[2025-11-28 01:54:05]
0, 100, 85, 6230, 51, 341.31
1, 100, 85, 6230, 51, 332.51
2, 100, 85, 6230, 50, 345.86
3, 100, 85, 6230, 50, 340.37
[2025-11-28 01:54:25]
0, 100, 85, 6230, 51, 340.78
1, 100, 85, 6230, 51, 331.56
2, 100, 85, 6230, 50, 345.56
3, 100, 85, 6230, 50, 340.90
[2025-11-28 01:54:45]
0, 100, 85, 6230, 51, 339.73
1, 100, 85, 6230, 51, 332.90
2, 100, 85, 6230, 50, 345.33
3, 100, 85, 6230, 50, 341.18
[2025-11-28 01:55:05]
0, 100, 85, 6230, 51, 340.78
1, 100, 85, 6230, 51, 333.19
2, 100, 85, 6230, 50, 344.76
3, 100, 85, 6230, 50, 340.37
[2025-11-28 01:55:25]
0, 100, 85, 6230, 51, 339.44
1, 100, 85, 6230, 51, 331.85
2, 100, 85, 6230, 50, 344.76
3, 100, 85, 6230, 50, 339.84
[2025-11-28 01:55:45]
0, 100, 85, 6230, 51, 339.97
1, 100, 85, 6230, 51, 333.19
2, 100, 85, 6230, 50, 346.09
3, 100, 85, 6230, 50, 339.84
[2025-11-28 01:56:05]
0, 100, 85, 6230, 51, 340.26
1, 100, 85, 6230, 51, 332.66
2, 100, 85, 6230, 50, 345.56
3, 100, 85, 6230, 50, 340.90
[2025-11-28 01:56:26]
0, 100, 85, 6230, 51, 339.97
1, 100, 85, 6230, 51, 332.38
2, 100, 85, 6230, 50, 346.26
3, 100, 85, 6230, 50, 340.90
[2025-11-28 01:56:46]
0, 100, 85, 6230, 51, 339.44
1, 100, 85, 6230, 51, 332.90
2, 100, 85, 6230, 50, 344.23
3, 100, 85, 6230, 50, 339.03
[2025-11-28 01:57:06]
0, 100, 85, 6230, 51, 340.50
1, 100, 85, 6230, 51, 333.19
2, 100, 85, 6230, 50, 345.56
3, 100, 85, 6230, 50, 338.79
[2025-11-28 01:57:26]
0, 100, 85, 6230, 51, 339.73
1, 100, 85, 6230, 51, 331.56
2, 100, 85, 6230, 50, 344.76
3, 100, 85, 6230, 50, 338.79
[2025-11-28 01:57:46]
0, 100, 85, 6230, 51, 339.83
1, 5, 0, 6230, 41, 85.66
2, 100, 85, 6230, 50, 344.50
3, 100, 85, 6230, 50, 339.86
[2025-11-28 01:58:06]
0, 100, 44, 7480, 46, 276.04
1, 100, 44, 7480, 46, 274.17
2, 100, 45, 7480, 45, 280.85
3, 100, 44, 7480, 45, 279.06
[2025-11-28 01:58:26]
0, 100, 43, 7480, 46, 279.50
1, 100, 44, 7480, 47, 274.70
2, 100, 45, 7480, 45, 281.38
3, 100, 43, 7480, 46, 278.77
[2025-11-28 01:58:46]
0, 100, 44, 7480, 46, 276.04
1, 100, 44, 7480, 47, 274.17
2, 100, 45, 7480, 45, 280.61
3, 100, 44, 7480, 45, 279.06
[2025-11-28 01:59:06]
0, 100, 43, 7480, 46, 279.50
1, 100, 44, 7480, 47, 274.46
2, 100, 45, 7480, 45, 281.38
3, 100, 43, 7480, 46, 278.73
[2025-11-28 01:59:27]
0, 100, 44, 7480, 46, 276.04
1, 100, 44, 7480, 47, 274.46
2, 100, 45, 7480, 45, 280.32
3, 100, 44, 7480, 45, 279.06
[2025-11-28 01:59:47]
0, 100, 44, 7480, 46, 280.03
1, 100, 44, 7480, 47, 274.70
2, 100, 45, 7480, 45, 281.14
3, 100, 43, 7480, 45, 279.06
[2025-11-28 02:00:07]
0, 100, 44, 7480, 46, 280.03
1, 100, 44, 7480, 47, 274.70
2, 100, 45, 7480, 45, 281.14
3, 100, 44, 7480, 45, 279.31
[2025-11-28 02:00:27]
0, 100, 43, 7480, 46, 276.58
1, 100, 44, 7480, 47, 275.23
2, 100, 45, 7480, 45, 281.38
3, 100, 43, 7480, 45, 279.31
[2025-11-28 02:00:47]
0, 100, 44, 7480, 46, 276.54
1, 100, 44, 7480, 47, 274.99
2, 100, 45, 7480, 45, 281.14
3, 100, 44, 7480, 45, 279.27
[2025-11-28 02:01:07]
0, 100, 44, 7480, 46, 280.61
1, 100, 44, 7480, 47, 275.23
2, 100, 45, 7480, 45, 281.67
3, 100, 43, 7480, 45, 279.06
[2025-11-28 02:01:27]
0, 100, 44, 7480, 46, 280.85
1, 100, 44, 7480, 47, 274.99
2, 100, 45, 7480, 45, 281.14
3, 100, 44, 7480, 45, 279.59
[2025-11-28 02:01:47]
0, 100, 44, 7480, 46, 279.79
1, 100, 44, 7480, 46, 273.36
2, 100, 45, 7480, 45, 280.32
3, 100, 43, 7480, 45, 277.95
[2025-11-28 02:02:07]
0, 100, 44, 7480, 46, 280.03
1, 100, 44, 7480, 46, 272.62
2, 100, 45, 7480, 45, 278.98
3, 100, 44, 7480, 45, 282.00
[2025-11-28 02:02:28]
0, 100, 44, 7480, 46, 279.79
1, 100, 44, 7480, 46, 272.90
2, 100, 45, 7480, 45, 278.98
3, 100, 43, 7480, 45, 277.19
[2025-11-28 02:02:48]
0, 100, 44, 7480, 46, 279.27
1, 100, 44, 7480, 46, 272.58
2, 100, 45, 7480, 45, 277.63
3, 100, 44, 7480, 45, 277.43
[2025-11-28 02:03:08]
0, 100, 44, 7480, 46, 278.73
1, 100, 44, 7480, 46, 272.09
2, 100, 45, 7480, 45, 277.92
3, 100, 43, 7480, 45, 277.19
[2025-11-28 02:03:28]
0, 100, 44, 7480, 46, 279.27
1, 100, 44, 7480, 46, 271.80
2, 100, 45, 7480, 45, 277.10
3, 100, 44, 7480, 45, 280.94
[2025-11-28 02:03:48]
0, 100, 44, 7480, 46, 278.98
1, 100, 44, 7480, 46, 272.09
2, 100, 45, 7480, 45, 277.39
3, 100, 43, 7480, 45, 277.19
[2025-11-28 02:04:08]
0, 100, 44, 7480, 46, 278.98
1, 100, 44, 7480, 46, 271.56
2, 100, 45, 7480, 45, 281.14
3, 100, 44, 7480, 45, 280.65
[2025-11-28 02:04:28]
0, 100, 44, 7480, 46, 278.73
1, 100, 44, 7480, 46, 272.09
2, 100, 45, 7480, 44, 275.76
3, 100, 43, 7480, 45, 277.19
[2025-11-28 02:04:48]
0, 0, 0, 7480, 31, 76.73
1, 0, 0, 7480, 30, 72.93
2, 0, 0, 7480, 29, 75.12
3, 0, 0, 7480, 30, 74.92
[2025-11-28 02:05:08]
0, 0, 0, 526, 29, 75.57
1, 0, 0, 526, 29, 72.77
2, 0, 0, 11340, 27, 76.49
3, 0, 0, 526, 28, 74.05
[2025-11-28 02:05:28]
0, 100, 90, 11850, 50, 373.62
1, 100, 90, 11850, 51, 356.05
2, 100, 90, 11850, 50, 373.62
3, 100, 90, 11850, 50, 368.85
[2025-11-28 02:05:49]
0, 100, 90, 11952, 52, 370.71
1, 100, 90, 11952, 52, 359.15
2, 100, 90, 11952, 51, 378.93
3, 100, 90, 11952, 51, 373.78
[2025-11-28 02:06:09]
0, 100, 90, 11952, 53, 371.33
1, 100, 90, 11952, 53, 373.71
2, 100, 90, 11952, 52, 380.79
3, 100, 90, 11952, 52, 375.49
[2025-11-28 02:06:29]
0, 100, 90, 11952, 53, 376.54
1, 100, 90, 11952, 53, 361.11
2, 100, 90, 11952, 52, 384.06
3, 100, 90, 11952, 52, 371.23
[2025-11-28 02:06:49]
0, 100, 90, 11952, 53, 370.27
1, 100, 90, 11952, 53, 370.14
2, 100, 90, 11952, 52, 375.05
3, 100, 90, 11952, 53, 374.96
[2025-11-28 02:07:09]
0, 100, 90, 11952, 53, 369.70
1, 100, 90, 11952, 54, 375.57
2, 100, 90, 11952, 52, 382.48
3, 100, 90, 11952, 53, 379.73
[2025-11-28 02:07:29]
0, 100, 90, 11952, 53, 375.85
1, 100, 90, 11952, 54, 363.88
2, 100, 90, 11952, 52, 379.45
3, 100, 90, 11952, 53, 376.54
[2025-11-28 02:07:49]
0, 100, 90, 11952, 53, 368.41
1, 100, 90, 11952, 54, 362.97
2, 100, 90, 11952, 52, 385.04
3, 100, 90, 11952, 53, 376.54
[2025-11-28 02:08:09]
0, 100, 90, 11952, 53, 370.51
1, 100, 90, 11952, 54, 375.28
2, 100, 90, 11952, 53, 375.05
3, 100, 90, 11952, 53, 376.54
[2025-11-28 02:08:29]
0, 100, 90, 11952, 54, 372.38
1, 100, 90, 11952, 54, 360.06
2, 100, 90, 11952, 53, 375.85
3, 100, 90, 11952, 53, 376.01
[2025-11-28 02:08:50]
0, 100, 90, 11952, 53, 372.13
1, 100, 90, 11952, 54, 363.07
2, 100, 90, 11952, 53, 381.39
3, 100, 90, 11952, 53, 374.15
[2025-11-28 02:09:10]
0, 100, 90, 11952, 54, 377.95
1, 100, 90, 11952, 54, 361.49
2, 100, 90, 11952, 53, 375.85
3, 100, 90, 11952, 53, 375.49
[2025-11-28 02:09:30]
0, 100, 90, 11952, 54, 370.27
1, 100, 90, 11952, 54, 363.79
2, 100, 90, 11952, 53, 375.73
3, 100, 90, 11952, 53, 372.00
[2025-11-28 02:09:50]
0, 100, 90, 11952, 54, 376.38
1, 100, 90, 11952, 54, 364.60
2, 100, 90, 11952, 53, 374.52
3, 100, 90, 11952, 53, 377.06
[2025-11-28 02:10:10]
0, 100, 90, 11952, 54, 375.65
1, 100, 90, 11952, 54, 362.45
2, 100, 90, 11952, 53, 376.38
3, 100, 90, 11952, 53, 380.03
[2025-11-28 02:10:30]
0, 100, 90, 11952, 54, 376.38
1, 100, 90, 11952, 54, 362.73
2, 100, 90, 11952, 53, 376.10
3, 100, 90, 11952, 53, 376.82
[2025-11-28 02:10:50]
0, 100, 90, 11952, 54, 370.27
1, 100, 90, 11952, 54, 365.46
2, 100, 90, 11952, 53, 376.10
3, 100, 90, 11952, 54, 381.60
[2025-11-28 02:11:10]
0, 100, 90, 11952, 54, 369.46
1, 100, 90, 11952, 54, 364.26
2, 100, 90, 11952, 53, 378.40
3, 100, 90, 11952, 53, 374.96
[2025-11-28 02:11:30]
0, 100, 90, 11952, 54, 377.43
1, 100, 90, 11952, 54, 362.02
2, 100, 90, 11952, 53, 383.01
3, 100, 90, 11952, 53, 382.72
[2025-11-28 02:11:51]
0, 100, 90, 11952, 54, 368.41
1, 100, 90, 11952, 54, 364.84
2, 100, 90, 11952, 53, 376.10
3, 100, 90, 11952, 54, 381.84
[2025-11-28 02:12:11]
0, 100, 90, 11952, 54, 376.10
1, 100, 90, 11952, 54, 363.79
2, 100, 90, 11952, 53, 385.11
3, 100, 90, 11952, 53, 375.20
[2025-11-28 02:12:31]
0, 100, 90, 11952, 54, 371.93
1, 100, 90, 11952, 54, 376.10
2, 100, 90, 11952, 53, 385.11
3, 100, 90, 11952, 53, 372.90
[2025-11-28 02:12:51]
0, 100, 90, 11952, 54, 379.58
1, 100, 90, 11952, 54, 362.83
2, 100, 90, 11952, 53, 376.10
3, 100, 90, 11952, 53, 381.07
[2025-11-28 02:13:11]
0, 100, 90, 11952, 54, 378.77
1, 100, 90, 11952, 54, 364.69
2, 100, 90, 11952, 53, 376.38
3, 100, 90, 11952, 53, 378.16
[2025-11-28 02:13:31]
0, 100, 90, 11952, 54, 372.38
1, 100, 90, 11952, 54, 360.69
2, 100, 90, 11952, 53, 379.82
3, 100, 90, 11952, 53, 376.82
[2025-11-28 02:13:51]
0, 100, 90, 11952, 54, 372.66
1, 100, 90, 11952, 54, 376.01
2, 100, 90, 11952, 53, 375.85
3, 100, 90, 11952, 54, 376.54
[2025-11-28 02:14:11]
0, 100, 90, 11952, 54, 375.65
1, 100, 90, 11952, 54, 366.03
2, 100, 90, 11952, 53, 375.65
3, 100, 90, 11952, 53, 379.29
[2025-11-28 02:14:31]
0, 100, 90, 11952, 54, 373.27
1, 100, 90, 11952, 54, 373.34
2, 100, 90, 11952, 53, 380.86
3, 100, 90, 11952, 53, 372.57
[2025-11-28 02:14:51]
0, 100, 90, 11952, 54, 373.42
1, 100, 90, 11952, 54, 367.31
2, 100, 90, 11952, 53, 376.38
3, 100, 90, 11952, 54, 374.67
[2025-11-28 02:15:12]
0, 100, 90, 11952, 54, 371.85
1, 100, 90, 11952, 54, 374.52
2, 100, 90, 11952, 53, 381.84
3, 100, 90, 11952, 54, 375.20
[2025-11-28 02:15:32]
0, 100, 90, 11952, 54, 373.42
1, 100, 90, 11952, 54, 364.93
2, 100, 90, 11952, 53, 375.05
3, 100, 90, 11952, 54, 381.60
[2025-11-28 02:15:52]
0, 100, 90, 11952, 54, 375.41
1, 100, 90, 11952, 54, 364.69
2, 100, 90, 11952, 53, 381.96
3, 100, 90, 11952, 54, 375.73
[2025-11-28 02:16:12]
0, 100, 90, 11952, 54, 375.12
1, 100, 90, 11952, 54, 371.41
2, 100, 90, 11952, 53, 386.44
3, 100, 90, 11952, 54, 379.29
[2025-11-28 02:16:32]
0, 100, 90, 11952, 54, 371.85
1, 100, 90, 11952, 54, 362.64
2, 100, 90, 11952, 53, 376.62
3, 100, 90, 11952, 54, 380.79
[2025-11-28 02:16:52]
0, 100, 90, 11952, 54, 368.41
1, 100, 90, 11952, 54, 362.83
2, 100, 90, 11952, 53, 385.39
3, 100, 90, 11952, 54, 376.82
[2025-11-28 02:17:12]
0, 100, 90, 11952, 54, 370.60
1, 100, 90, 11952, 54, 374.76
2, 100, 90, 11952, 53, 380.34
3, 100, 90, 11952, 54, 378.40
[2025-11-28 02:17:32]
0, 100, 90, 11952, 54, 374.76
1, 100, 90, 11952, 55, 362.83
2, 100, 90, 11952, 53, 379.58
3, 100, 90, 11952, 54, 378.40
[2025-11-28 02:17:52]
0, 100, 90, 11952, 54, 372.74
1, 100, 90, 11952, 55, 377.59
2, 100, 90, 11952, 54, 380.42
3, 100, 90, 11952, 54, 377.59
[2025-11-28 02:18:13]
0, 100, 90, 11952, 54, 371.56
1, 100, 90, 11952, 55, 377.59
2, 100, 90, 11952, 54, 376.62
3, 100, 90, 11952, 54, 377.43
[2025-11-28 02:18:33]
0, 100, 90, 11952, 55, 379.37
1, 100, 90, 11952, 55, 362.11
2, 100, 90, 11952, 54, 381.15
3, 100, 90, 11952, 54, 383.70
[2025-11-28 02:18:53]
0, 100, 90, 11952, 54, 380.17
1, 100, 90, 11952, 55, 365.74
2, 100, 90, 11952, 54, 375.20
3, 100, 90, 11952, 54, 380.55
[2025-11-28 02:19:13]
0, 100, 90, 11952, 55, 372.13
1, 100, 90, 11952, 55, 366.79
2, 100, 90, 11952, 54, 375.28
3, 100, 90, 11952, 54, 382.12
[2025-11-28 02:19:33]
0, 100, 90, 11952, 55, 369.02
1, 100, 89, 11952, 55, 362.11
2, 100, 88, 11952, 54, 380.62
3, 100, 90, 11952, 54, 379.58
[2025-11-28 02:19:53]
0, 100, 90, 11952, 55, 370.89
1, 100, 90, 11952, 55, 376.70
2, 100, 90, 11952, 54, 386.44
3, 100, 90, 11952, 54, 377.59
[2025-11-28 02:20:13]
0, 100, 90, 11952, 55, 374.60
1, 100, 90, 11952, 55, 377.88
2, 100, 90, 11952, 54, 386.80
3, 100, 90, 11952, 54, 377.35
[2025-11-28 02:20:33]
0, 100, 90, 11952, 55, 379.45
1, 100, 90, 11952, 55, 367.98
2, 100, 90, 11952, 54, 383.25
3, 100, 89, 11952, 54, 376.30
[2025-11-28 02:20:53]
0, 100, 90, 11952, 55, 373.99
1, 100, 90, 11952, 55, 362.83
2, 100, 90, 11952, 54, 378.32
3, 100, 90, 11952, 54, 383.70
[2025-11-28 02:21:14]
0, 100, 90, 11952, 55, 379.65
1, 100, 90, 11952, 55, 364.41
2, 100, 90, 11952, 54, 380.10
3, 100, 90, 11952, 54, 378.48
[2025-11-28 02:21:34]
0, 100, 90, 11952, 55, 378.03
1, 100, 90, 11952, 55, 364.93
2, 100, 90, 11952, 54, 379.58
3, 100, 90, 11952, 54, 376.90
[2025-11-28 02:21:54]
0, 100, 90, 11952, 55, 380.62
1, 100, 90, 11952, 55, 377.59
2, 100, 90, 11952, 54, 384.42
3, 100, 90, 11952, 54, 383.82
[2025-11-28 02:22:14]
0, 100, 90, 11952, 55, 379.58
1, 100, 90, 11952, 55, 380.79
2, 100, 90, 11952, 54, 379.37
3, 100, 90, 11952, 54, 384.58
[2025-11-28 02:22:34]
0, 100, 90, 11952, 55, 373.18
1, 100, 90, 11952, 55, 378.40
2, 100, 90, 11952, 54, 386.44
3, 100, 90, 11952, 54, 381.67
[2025-11-28 02:22:54]
0, 100, 90, 11952, 55, 377.27
1, 100, 90, 11952, 55, 364.93
2, 100, 90, 11952, 54, 380.86
3, 100, 90, 11952, 55, 380.03
[2025-11-28 02:23:14]
0, 100, 90, 11952, 55, 371.85
1, 100, 90, 11952, 55, 364.41
2, 100, 90, 11952, 54, 385.75
3, 100, 90, 11952, 54, 376.10
[2025-11-28 02:23:34]
0, 100, 90, 11952, 55, 370.51
1, 100, 90, 11952, 55, 364.69
2, 100, 90, 11952, 54, 377.95
3, 100, 90, 11952, 54, 379.45
[2025-11-28 02:23:55]
0, 100, 90, 11952, 55, 375.93
1, 100, 90, 11952, 55, 364.17
2, 100, 90, 11952, 54, 380.10
3, 100, 90, 11952, 55, 380.79
[2025-11-28 02:24:15]
0, 100, 90, 11952, 55, 379.89
1, 100, 90, 11952, 55, 373.18
2, 100, 90, 11952, 54, 386.28
3, 100, 90, 11952, 55, 381.39
[2025-11-28 02:24:35]
0, 100, 90, 11952, 55, 373.71
1, 100, 90, 11952, 55, 377.71
2, 100, 90, 11952, 54, 378.77
3, 100, 90, 11952, 54, 378.40
[2025-11-28 02:24:55]
0, 100, 90, 11952, 55, 378.32
1, 100, 90, 11952, 55, 364.26
2, 100, 90, 11952, 54, 383.25
3, 100, 90, 11952, 55, 384.80
[2025-11-28 02:25:15]
0, 100, 90, 11952, 55, 374.23
1, 100, 90, 11952, 55, 379.45
2, 100, 90, 11952, 54, 388.23
3, 100, 90, 11952, 55, 383.54
[2025-11-28 02:25:35]
0, 100, 90, 11952, 55, 377.14
1, 100, 90, 11952, 55, 362.83
2, 100, 90, 11952, 54, 385.75
3, 100, 90, 11952, 55, 377.95
[2025-11-28 02:25:55]
0, 100, 90, 11952, 55, 374.23
1, 100, 90, 11952, 55, 375.05
2, 100, 90, 11952, 54, 383.82
3, 100, 90, 11952, 54, 376.82
[2025-11-28 02:26:15]
0, 100, 90, 11952, 55, 369.99
1, 100, 90, 11952, 55, 363.07
2, 100, 90, 11952, 54, 380.34
3, 100, 90, 11952, 54, 371.03
[2025-11-28 02:26:35]
0, 100, 90, 11952, 54, 367.61
1, 100, 90, 11952, 55, 371.47
2, 100, 90, 11952, 53, 378.24
3, 100, 90, 11952, 54, 375.73
[2025-11-28 02:26:55]
0, 100, 90, 11952, 54, 368.41
1, 100, 90, 11952, 54, 357.67
2, 100, 90, 11952, 53, 372.29
3, 100, 90, 11952, 54, 366.70
[2025-11-28 02:27:16]
0, 100, 90, 11952, 54, 354.87
1, 100, 90, 11952, 54, 362.16
2, 100, 90, 11952, 53, 370.14
3, 100, 90, 11952, 54, 370.05
[2025-11-28 02:27:36]
0, 100, 90, 11952, 53, 361.11
1, 100, 90, 11952, 54, 350.64
2, 100, 90, 11952, 52, 368.56
3, 100, 90, 11952, 53, 368.18
[2025-11-28 02:27:56]
0, 100, 90, 11952, 53, 353.24
1, 100, 90, 11952, 54, 347.54
2, 100, 90, 11952, 52, 364.41
3, 100, 90, 11952, 53, 360.88
[2025-11-28 02:28:16]
0, 100, 90, 11952, 53, 347.31
1, 100, 90, 11952, 53, 350.88
2, 100, 90, 11952, 52, 361.64
3, 100, 90, 11952, 53, 352.21
[2025-11-28 02:28:36]
0, 100, 90, 11952, 53, 342.25
1, 100, 90, 11952, 53, 337.18
2, 100, 90, 11952, 52, 354.60
3, 100, 90, 11952, 52, 354.89
[2025-11-28 02:28:56]
0, 100, 90, 11952, 52, 342.77
1, 100, 90, 11952, 53, 338.79
2, 100, 90, 11952, 51, 349.82
3, 100, 90, 11952, 52, 348.77
[2025-11-28 02:29:16]
0, 100, 90, 11952, 52, 337.87
1, 100, 90, 11952, 52, 335.83
2, 100, 90, 11952, 51, 341.31
3, 100, 90, 11952, 52, 337.98
[2025-11-28 02:29:36]
0, 100, 90, 11952, 52, 336.24
1, 100, 90, 11952, 52, 332.90
2, 100, 90, 11952, 51, 336.93
3, 100, 90, 11952, 51, 337.98
[2025-11-28 02:29:57]
0, 100, 90, 11952, 51, 330.93
1, 100, 90, 11952, 52, 331.04
2, 100, 90, 11952, 51, 335.59
3, 100, 90, 11952, 51, 329.98
[2025-11-28 02:30:17]
0, 100, 90, 11952, 51, 329.98
1, 100, 90, 11952, 51, 323.33
2, 100, 90, 11952, 51, 339.32
3, 100, 90, 11952, 51, 329.98
[2025-11-28 02:30:37]
0, 100, 90, 11952, 51, 332.27
1, 100, 90, 11952, 51, 326.25
2, 100, 90, 11952, 50, 337.69
3, 100, 90, 11952, 51, 330.37
[2025-11-28 02:30:57]
0, 100, 90, 11952, 51, 326.15
1, 100, 90, 11952, 51, 312.94
2, 100, 90, 11952, 50, 332.90
3, 100, 90, 11952, 50, 331.32
[2025-11-28 02:31:17]
0, 100, 90, 11952, 51, 326.92
1, 100, 90, 11952, 51, 315.18
2, 100, 90, 11952, 50, 332.38
3, 100, 90, 11952, 50, 328.79
[2025-11-28 02:31:37]
0, 100, 90, 11952, 51, 326.77
1, 100, 90, 11952, 51, 326.39
2, 100, 90, 11952, 50, 335.83
3, 100, 90, 11952, 50, 324.91
[2025-11-28 02:31:57]
0, 100, 90, 11952, 51, 324.53
1, 100, 90, 11952, 51, 311.84
2, 100, 90, 11952, 50, 329.17
3, 100, 90, 11952, 50, 327.16
[2025-11-28 02:32:17]
0, 100, 90, 11952, 51, 325.96
1, 100, 90, 11952, 51, 315.18
2, 100, 90, 11952, 50, 337.98
3, 100, 90, 11952, 50, 321.55
[2025-11-28 02:32:37]
0, 100, 90, 11952, 51, 325.20
1, 100, 90, 11952, 51, 317.05
2, 100, 90, 11952, 50, 330.27
3, 100, 90, 11952, 50, 326.10
[2025-11-28 02:32:57]
0, 100, 90, 11952, 51, 328.41
1, 100, 90, 11952, 51, 318.54
2, 100, 90, 11952, 50, 328.11
3, 100, 90, 11952, 50, 327.98
[2025-11-28 02:33:18]
0, 100, 90, 11952, 51, 329.70
1, 100, 90, 11952, 51, 315.34
2, 100, 90, 11952, 50, 329.17
3, 100, 90, 11952, 50, 321.31
[2025-11-28 02:33:38]
0, 100, 90, 11952, 51, 329.70
1, 100, 90, 11952, 51, 315.18
2, 100, 90, 11952, 50, 335.59
3, 100, 90, 11952, 50, 325.05
[2025-11-28 02:33:58]
0, 100, 90, 11952, 51, 323.57
1, 100, 90, 11952, 51, 319.59
2, 100, 90, 11952, 50, 336.40
3, 100, 90, 11952, 50, 323.95
[2025-11-28 02:34:18]
0, 100, 90, 11952, 51, 326.54
1, 100, 90, 11952, 51, 315.57
2, 100, 90, 11952, 50, 332.14
3, 100, 90, 11952, 50, 322.66
[2025-11-28 02:34:38]
0, 100, 90, 11952, 51, 328.93
1, 100, 90, 11952, 51, 325.20
2, 100, 90, 11952, 50, 332.38
3, 100, 90, 11952, 50, 327.59
[2025-11-28 02:34:58]
0, 100, 90, 11952, 51, 327.07
1, 100, 90, 11952, 51, 327.69
2, 100, 90, 11952, 50, 335.59
3, 100, 90, 11952, 50, 327.98
[2025-11-28 02:35:18]
0, 100, 90, 11952, 51, 328.64
1, 100, 90, 11952, 51, 320.88
2, 100, 90, 11952, 50, 332.14
3, 100, 90, 11952, 50, 321.02
[2025-11-28 02:35:38]
0, 100, 90, 11952, 50, 328.41
1, 100, 90, 11952, 51, 320.12
2, 100, 90, 11952, 50, 336.11
3, 100, 90, 11952, 49, 323.18
[2025-11-28 02:35:59]
0, 100, 90, 11952, 51, 321.32
1, 100, 90, 11952, 51, 315.18
2, 100, 90, 11952, 50, 334.53
3, 100, 90, 11952, 50, 327.45
[2025-11-28 02:36:19]
0, 100, 90, 11952, 50, 325.96
1, 100, 90, 11952, 50, 315.57
2, 100, 90, 11952, 50, 336.22
3, 100, 90, 11952, 49, 326.35
[2025-11-28 02:36:39]
0, 100, 90, 11952, 50, 326.25
1, 100, 90, 11952, 51, 314.52
2, 100, 90, 11952, 50, 336.93
3, 100, 90, 11952, 49, 323.18
[2025-11-28 02:36:59]
0, 100, 90, 11952, 50, 324.38
1, 100, 90, 11952, 50, 314.89
2, 100, 90, 11952, 49, 331.04
3, 100, 90, 11952, 49, 324.48
[2025-11-28 02:37:19]
0, 100, 90, 11952, 50, 326.54
1, 100, 90, 11952, 50, 325.14
2, 100, 90, 11952, 49, 333.72
3, 100, 90, 11952, 49, 321.84
[2025-11-28 02:37:39]
0, 100, 90, 11952, 50, 320.93
1, 100, 90, 11952, 50, 323.71
2, 100, 90, 11952, 49, 332.53
3, 100, 90, 11952, 49, 322.08
[2025-11-28 02:37:59]
0, 100, 90, 11952, 50, 325.72
1, 100, 90, 11952, 50, 317.57
2, 100, 90, 11952, 50, 330.27
3, 100, 90, 11952, 49, 326.92
[2025-11-28 02:38:19]
0, 100, 90, 11952, 50, 327.30
1, 100, 90, 11952, 50, 324.91
2, 100, 90, 11952, 49, 330.27
3, 100, 90, 11952, 49, 327.16
[2025-11-28 02:38:39]
0, 100, 90, 11952, 50, 328.64
1, 100, 90, 11952, 51, 325.44
2, 100, 90, 11952, 49, 332.53
3, 100, 90, 11952, 49, 323.42
[2025-11-28 02:38:59]
0, 100, 90, 11952, 50, 327.59
1, 100, 90, 11952, 51, 322.80
2, 100, 90, 11952, 50, 330.27
3, 100, 90, 11952, 50, 325.82
[2025-11-28 02:39:20]
0, 100, 90, 11952, 51, 324.38
1, 100, 90, 11952, 51, 314.52
2, 100, 90, 11952, 50, 331.56
3, 100, 90, 11952, 49, 323.18
[2025-11-28 02:39:40]
0, 100, 90, 11952, 50, 324.38
1, 100, 90, 11952, 50, 315.42
2, 100, 90, 11952, 49, 337.85
3, 100, 90, 11952, 49, 326.10
[2025-11-28 02:40:00]
0, 100, 90, 11952, 50, 326.25
1, 100, 90, 11952, 50, 315.04
2, 100, 90, 11952, 49, 329.17
3, 100, 90, 11952, 49, 324.76
[2025-11-28 02:40:20]
0, 100, 90, 11952, 50, 327.07
1, 100, 90, 11952, 50, 325.58
2, 100, 90, 11952, 49, 331.85
3, 100, 90, 11952, 49, 326.10
[2025-11-28 02:40:40]
0, 100, 90, 11952, 50, 323.86
1, 100, 90, 11952, 50, 326.20
2, 100, 90, 11952, 50, 331.04
3, 100, 90, 11952, 49, 327.16
[2025-11-28 02:41:00]
0, 100, 90, 11952, 50, 327.07
1, 100, 90, 11952, 50, 321.18
2, 100, 90, 11952, 49, 328.64
3, 100, 90, 11952, 49, 327.45
[2025-11-28 02:41:20]
0, 100, 90, 11952, 50, 322.42
1, 100, 90, 11952, 50, 314.07
2, 100, 90, 11952, 49, 328.64
3, 100, 90, 11952, 49, 326.10
[2025-11-28 02:41:40]
0, 100, 90, 11952, 50, 323.86
1, 100, 90, 11952, 50, 322.08
2, 100, 90, 11952, 49, 329.17
3, 100, 90, 11952, 49, 322.90
[2025-11-28 02:42:00]
0, 100, 90, 11952, 50, 323.33
1, 100, 90, 11952, 51, 325.29
2, 100, 90, 11952, 49, 332.38
3, 100, 90, 11952, 49, 319.45
[2025-11-28 02:42:20]
0, 100, 90, 11952, 50, 325.72
1, 100, 90, 11952, 50, 316.68
2, 100, 90, 11952, 49, 326.35
3, 100, 90, 11952, 49, 326.10
[2025-11-28 02:42:41]
0, 100, 90, 11952, 50, 325.58
1, 100, 90, 11952, 50, 315.95
2, 100, 90, 11952, 49, 329.98
3, 100, 90, 11952, 49, 326.10
[2025-11-28 02:43:01]
0, 100, 90, 11952, 50, 323.04
1, 100, 90, 11952, 50, 314.60
2, 100, 90, 11952, 49, 334.77
3, 100, 90, 11952, 49, 327.16
[2025-11-28 02:43:21]
0, 100, 90, 11952, 50, 320.93
1, 100, 90, 11952, 50, 314.23
2, 100, 90, 11952, 49, 334.53
3, 100, 90, 11952, 49, 323.18
[2025-11-28 02:43:41]
0, 100, 90, 11952, 50, 323.04
1, 100, 90, 11952, 50, 323.04
2, 100, 90, 11952, 49, 334.77
3, 100, 90, 11952, 49, 324.24
[2025-11-28 02:44:01]
0, 100, 90, 11952, 50, 329.03
1, 100, 90, 11952, 50, 312.81
2, 100, 90, 11952, 49, 334.77
3, 100, 90, 11952, 49, 321.84
[2025-11-28 02:44:21]
0, 100, 90, 11952, 50, 328.21
1, 100, 90, 11952, 50, 315.18
2, 100, 90, 11952, 49, 332.14
3, 100, 90, 11952, 49, 327.45
[2025-11-28 02:44:41]
0, 100, 90, 11952, 50, 327.59
1, 100, 90, 11952, 50, 311.97
2, 100, 90, 11952, 49, 328.93
3, 100, 90, 11952, 49, 322.90
[2025-11-28 02:45:01]
0, 100, 90, 11952, 50, 329.17
1, 100, 90, 11952, 50, 317.97
2, 100, 90, 11952, 49, 329.98
3, 100, 90, 11952, 49, 325.58
[2025-11-28 02:45:21]
0, 100, 90, 11952, 50, 328.64
1, 100, 90, 11952, 50, 314.00
2, 100, 90, 11952, 49, 331.04
3, 100, 90, 11952, 49, 323.42
[2025-11-28 02:45:42]
0, 100, 90, 11952, 50, 319.59
1, 100, 90, 11952, 50, 314.52
2, 100, 90, 11952, 49, 328.64
3, 100, 90, 11952, 49, 323.95
[2025-11-28 02:46:02]
0, 100, 90, 11952, 50, 323.33
1, 100, 90, 11952, 50, 319.31
2, 100, 90, 11952, 49, 329.85
3, 100, 90, 11952, 49, 324.48
[2025-11-28 02:46:22]
0, 100, 90, 11952, 50, 321.46
1, 100, 90, 11952, 50, 314.00
2, 100, 90, 11952, 49, 326.77
3, 100, 90, 11952, 49, 320.21
[2025-11-28 02:46:42]
0, 100, 90, 11952, 50, 318.78
1, 100, 90, 11952, 50, 317.05
2, 100, 90, 11952, 49, 334.00
3, 100, 90, 11952, 49, 322.37
[2025-11-28 02:47:02]
0, 100, 90, 11952, 50, 326.54
1, 100, 90, 11952, 50, 318.91
2, 100, 90, 11952, 49, 329.32
3, 100, 90, 11952, 49, 327.69
[2025-11-28 02:47:22]
0, 100, 90, 11952, 50, 321.46
1, 100, 89, 11952, 50, 314.37
2, 100, 90, 11952, 49, 335.29
3, 100, 90, 11952, 49, 325.82
[2025-11-28 02:47:42]
0, 100, 90, 11952, 50, 321.18
1, 100, 90, 11952, 50, 320.41
2, 100, 90, 11952, 49, 325.43
3, 100, 90, 11952, 49, 322.08
[2025-11-28 02:48:02]
0, 100, 90, 11952, 50, 325.43
1, 100, 90, 11952, 50, 319.45
2, 100, 90, 11952, 49, 331.71
3, 100, 90, 11952, 49, 323.42
[2025-11-28 02:48:22]
0, 100, 90, 11952, 50, 328.11
1, 100, 90, 11952, 50, 310.92
2, 100, 90, 11952, 49, 334.25
3, 100, 90, 11952, 49, 322.66
[2025-11-28 02:48:42]
0, 100, 90, 11952, 50, 325.43
1, 100, 90, 11952, 50, 313.55
2, 100, 90, 11952, 49, 331.56
3, 100, 90, 11952, 49, 321.31
[2025-11-28 02:49:03]
0, 100, 90, 11952, 50, 323.86
1, 100, 90, 11952, 50, 318.10
2, 100, 90, 11952, 49, 326.54
3, 100, 90, 11952, 49, 322.37
[2025-11-28 02:49:23]
0, 100, 90, 11952, 50, 326.77
1, 100, 90, 11952, 50, 317.81
2, 100, 90, 11952, 49, 329.46
3, 100, 88, 11952, 49, 319.45
[2025-11-28 02:49:43]
0, 100, 90, 11952, 50, 322.52
1, 100, 90, 11952, 50, 315.95
2, 100, 90, 11952, 49, 331.32
3, 100, 90, 11952, 49, 327.16
[2025-11-28 02:50:03]
0, 100, 90, 11952, 50, 322.28
1, 100, 90, 11952, 50, 316.91
2, 100, 90, 11952, 49, 328.50
3, 100, 90, 11952, 49, 323.71
[2025-11-28 02:50:23]
0, 100, 90, 11952, 50, 325.20
1, 100, 90, 11952, 50, 314.37
2, 100, 90, 11952, 49, 324.38
3, 100, 90, 11952, 49, 326.63
[2025-11-28 02:50:43]
0, 100, 90, 11952, 50, 327.30
1, 100, 90, 11952, 50, 311.68
2, 100, 90, 11952, 49, 325.58
3, 100, 90, 11952, 49, 320.79
[2025-11-28 02:51:03]
0, 100, 90, 11952, 50, 322.52
1, 100, 90, 11952, 50, 313.83
2, 100, 90, 11952, 49, 330.27
3, 100, 90, 11952, 49, 323.42
[2025-11-28 02:51:23]
0, 100, 90, 11952, 50, 321.46
1, 100, 90, 11952, 50, 318.10
2, 100, 90, 11952, 49, 332.14
3, 100, 90, 11952, 49, 320.21
[2025-11-28 02:51:43]
0, 100, 90, 11952, 50, 328.21
1, 100, 90, 11952, 50, 321.18
2, 100, 90, 11952, 49, 333.58
3, 100, 90, 11952, 49, 317.29
[2025-11-28 02:52:04]
0, 100, 90, 11952, 50, 319.59
1, 100, 90, 11952, 50, 322.37
2, 100, 90, 11952, 49, 331.04
3, 100, 90, 11952, 49, 323.28
[2025-11-28 02:52:24]
0, 100, 90, 11952, 50, 325.82
1, 100, 90, 11952, 50, 312.49
2, 100, 90, 11952, 49, 323.95
3, 100, 90, 11952, 49, 316.60
[2025-11-28 02:52:44]
0, 100, 90, 11952, 50, 317.44
1, 100, 90, 11952, 50, 311.60
2, 100, 90, 11952, 49, 329.03
3, 100, 90, 11952, 49, 323.95
[2025-11-28 02:53:04]
0, 100, 90, 11952, 50, 316.91
1, 100, 90, 11952, 50, 321.84
2, 100, 90, 11952, 49, 327.69
3, 100, 90, 11952, 49, 322.08
[2025-11-28 02:53:24]
0, 100, 90, 11952, 50, 321.70
1, 100, 90, 11952, 50, 311.15
2, 100, 90, 11952, 49, 332.77
3, 100, 90, 11952, 49, 322.90
[2025-11-28 02:53:44]
0, 100, 90, 11952, 50, 320.65
1, 100, 90, 11952, 50, 311.44
2, 100, 90, 11952, 49, 327.98
3, 100, 90, 11952, 49, 319.45
[2025-11-28 02:54:04]
0, 100, 90, 11952, 50, 314.89
1, 100, 90, 11952, 50, 317.29
2, 100, 90, 11952, 49, 325.72
3, 100, 90, 11952, 49, 317.81
[2025-11-28 02:54:24]
0, 100, 90, 11952, 50, 322.52
1, 100, 90, 11952, 50, 308.59
2, 100, 90, 11952, 49, 329.55
3, 100, 90, 11952, 49, 318.34
[2025-11-28 02:54:44]
0, 100, 90, 11952, 50, 314.07
1, 100, 90, 11952, 50, 309.45
2, 100, 90, 11952, 49, 325.05
3, 100, 90, 11952, 49, 318.91
[2025-11-28 02:55:05]
0, 0, 0, 4, 30, 62.65
1, 0, 0, 11952, 31, 73.22
2, 0, 0, 11952, 30, 75.37
3, 0, 0, 11952, 30, 74.92
[2025-11-28 02:55:25]
0, 0, 0, 4, 28, 61.49
1, 100, 89, 22152, 52, 363.10
2, 100, 89, 22152, 51, 376.44
3, 100, 89, 22152, 51, 371.26
[2025-11-28 02:55:45]
0, 0, 0, 4, 28, 61.78
1, 100, 90, 22152, 53, 357.72
2, 100, 90, 22152, 52, 381.53
3, 100, 90, 22152, 52, 372.17
[2025-11-28 02:56:06]
0, 0, 0, 4, 27, 61.49
1, 100, 90, 22152, 53, 354.56
2, 100, 90, 22152, 52, 378.07
3, 100, 90, 22152, 52, 370.49
[2025-11-28 02:56:26]
0, 0, 0, 4, 27, 61.56
1, 100, 90, 22152, 53, 355.33
2, 100, 90, 22152, 52, 382.58
3, 100, 90, 22152, 53, 369.48
[2025-11-28 02:56:46]
0, 0, 0, 4, 27, 61.49
1, 100, 90, 22152, 53, 362.82
2, 100, 89, 22152, 53, 382.87
3, 100, 89, 22152, 53, 371.79
[2025-11-28 02:57:06]
0, 0, 0, 4, 27, 61.25
1, 100, 90, 22152, 54, 358.54
2, 100, 89, 22152, 53, 379.37
3, 100, 90, 22152, 53, 375.62
[2025-11-28 02:57:26]
0, 0, 0, 4, 27, 61.25
1, 100, 90, 22152, 54, 357.20
2, 100, 90, 22152, 53, 375.10
3, 100, 90, 22152, 53, 374.04
[2025-11-28 02:57:46]
0, 0, 0, 4, 27, 61.32
1, 100, 90, 22152, 54, 357.20
2, 100, 90, 22152, 53, 372.98
3, 100, 90, 22152, 53, 376.06
[2025-11-28 02:58:06]
0, 0, 0, 4, 27, 61.32
1, 100, 90, 22152, 54, 360.28
2, 100, 89, 22152, 53, 373.60
3, 99, 88, 22152, 53, 376.06
[2025-11-28 02:58:26]
0, 0, 0, 4, 27, 61.32
1, 100, 90, 22152, 54, 361.36
2, 100, 89, 22152, 53, 374.33
3, 100, 90, 22152, 53, 374.77
[2025-11-28 02:58:46]
0, 0, 0, 4, 27, 60.97
1, 100, 90, 22152, 54, 358.54
2, 100, 90, 22152, 53, 377.63
3, 100, 90, 22152, 53, 370.73
[2025-11-28 02:59:07]
0, 0, 0, 4, 27, 60.97
1, 100, 90, 22152, 54, 354.56
2, 100, 90, 22152, 53, 381.53
3, 100, 90, 22152, 53, 375.92
[2025-11-28 02:59:27]
0, 0, 0, 4, 27, 61.32
1, 100, 90, 22152, 54, 371.44
2, 100, 90, 22152, 53, 376.44
3, 100, 90, 22152, 53, 371.88
[2025-11-28 02:59:47]
0, 0, 0, 4, 27, 61.04
1, 100, 89, 22152, 54, 369.34
2, 100, 89, 22152, 53, 372.55
3, 100, 90, 22152, 53, 372.17
[2025-11-28 03:00:07]
0, 0, 0, 4, 26, 60.97
1, 100, 90, 22152, 54, 370.73
2, 100, 90, 22152, 53, 372.70
3, 100, 90, 22152, 53, 375.38
[2025-11-28 03:00:27]
0, 0, 0, 4, 26, 61.04
1, 100, 90, 22152, 54, 359.07
2, 100, 90, 22152, 53, 379.13
3, 100, 90, 22152, 53, 376.88
[2025-11-28 03:00:47]
0, 0, 0, 4, 26, 61.04
1, 100, 90, 22152, 54, 357.30
2, 100, 90, 22152, 53, 381.08
3, 100, 90, 22152, 53, 376.20
[2025-11-28 03:01:07]
0, 0, 0, 4, 26, 61.04
1, 100, 90, 22152, 54, 361.47
2, 100, 90, 22152, 53, 374.94
3, 100, 90, 22152, 53, 375.54
[2025-11-28 03:01:27]
0, 0, 0, 4, 26, 61.04
1, 100, 90, 22152, 54, 371.26
2, 100, 90, 22152, 53, 376.20
3, 100, 89, 22152, 53, 369.15
[2025-11-28 03:01:47]
0, 0, 0, 4, 26, 60.97
1, 100, 90, 22152, 54, 358.94
2, 100, 89, 22152, 53, 373.08
3, 100, 90, 22152, 53, 368.86
[2025-11-28 03:02:08]
0, 0, 0, 4, 26, 60.97
1, 100, 90, 22152, 54, 356.27
2, 100, 90, 22152, 53, 379.66
3, 100, 90, 22152, 53, 374.48
[2025-11-28 03:02:28]
0, 0, 0, 4, 26, 61.32
1, 100, 90, 22152, 54, 361.86
2, 100, 90, 22152, 53, 376.20
3, 100, 90, 22152, 53, 377.50
[2025-11-28 03:02:48]
0, 0, 0, 4, 26, 61.04
1, 100, 90, 22152, 54, 369.39
2, 100, 90, 22152, 53, 381.82
3, 100, 90, 22152, 53, 370.49
[2025-11-28 03:03:08]
0, 0, 0, 4, 26, 60.97
1, 100, 90, 22152, 54, 357.88
2, 100, 90, 22152, 53, 376.29
3, 100, 90, 22152, 53, 368.86
[2025-11-28 03:03:28]
0, 0, 0, 4, 26, 61.04
1, 100, 90, 22152, 54, 373.22
2, 100, 90, 22152, 53, 378.16
3, 100, 89, 22152, 53, 373.95
[2025-11-28 03:03:48]
0, 0, 0, 4, 26, 60.97
1, 100, 90, 22152, 54, 359.70
2, 100, 90, 22152, 53, 383.92
3, 100, 90, 22152, 53, 371.79
[2025-11-28 03:04:08]
0, 0, 0, 4, 26, 60.97
1, 100, 90, 22152, 54, 363.77
2, 100, 90, 22152, 53, 377.78
3, 100, 90, 22152, 53, 369.24
[2025-11-28 03:04:28]
0, 0, 0, 4, 26, 61.04
1, 100, 90, 22152, 54, 368.42
2, 100, 90, 22152, 53, 374.57
3, 100, 90, 22152, 53, 374.48
[2025-11-28 03:04:48]
0, 0, 0, 4, 26, 60.97
1, 100, 90, 22152, 54, 358.41
2, 100, 89, 22152, 53, 381.61
3, 100, 89, 22152, 53, 379.29
[2025-11-28 03:05:09]
0, 0, 0, 4, 26, 60.97
1, 100, 90, 22152, 54, 358.96
2, 100, 90, 22152, 53, 382.34
3, 100, 89, 22152, 53, 373.22
[2025-11-28 03:05:29]
0, 0, 0, 4, 26, 61.04
1, 100, 90, 22152, 54, 364.16
2, 100, 90, 22152, 53, 377.78
3, 100, 90, 22152, 53, 372.98
[2025-11-28 03:05:49]
0, 0, 0, 4, 26, 61.04
1, 100, 90, 22152, 54, 361.47
2, 100, 90, 22152, 53, 378.07
3, 100, 90, 22152, 53, 370.21
[2025-11-28 03:06:09]
0, 0, 0, 4, 26, 60.97
1, 100, 90, 22152, 54, 370.82
2, 100, 89, 22152, 53, 380.47
3, 100, 90, 22152, 53, 374.86
[2025-11-28 03:06:29]
0, 0, 0, 4, 26, 61.04
1, 100, 90, 22152, 54, 359.89
2, 100, 90, 22152, 53, 374.33
3, 100, 90, 22152, 53, 369.15
[2025-11-28 03:06:49]
0, 0, 0, 4, 26, 60.97
1, 100, 90, 22152, 54, 371.12
2, 100, 89, 22152, 53, 374.57
3, 100, 90, 22152, 53, 376.97
[2025-11-28 03:07:09]
0, 0, 0, 4, 26, 60.97
1, 100, 90, 22152, 54, 358.72
2, 100, 89, 22152, 53, 377.26
3, 100, 90, 22152, 53, 376.36
[2025-11-28 03:07:29]
0, 0, 0, 4, 26, 61.04
1, 100, 90, 22152, 54, 355.50
2, 100, 89, 22152, 53, 376.44
3, 100, 90, 22152, 53, 377.70
[2025-11-28 03:07:49]
0, 0, 0, 4, 26, 60.97
1, 100, 90, 22152, 54, 363.63
2, 100, 90, 22152, 53, 383.11
3, 100, 89, 22152, 53, 373.95
[2025-11-28 03:08:10]
0, 0, 0, 4, 26, 60.97
1, 100, 90, 22152, 54, 370.59
2, 100, 90, 22152, 53, 374.33
3, 100, 90, 22152, 53, 372.90
[2025-11-28 03:08:30]
0, 0, 0, 4, 26, 60.97
1, 100, 90, 22152, 54, 364.59
2, 100, 90, 22152, 53, 375.92
3, 100, 90, 22152, 53, 370.21
[2025-11-28 03:08:50]
0, 0, 0, 4, 26, 60.97
1, 100, 90, 22152, 54, 365.21
2, 100, 89, 22152, 53, 375.62
3, 100, 90, 22152, 53, 377.94
[2025-11-28 03:09:10]
0, 0, 0, 4, 26, 61.04
1, 100, 90, 22152, 54, 362.28
2, 100, 89, 22152, 53, 375.38
3, 100, 90, 22152, 53, 371.36
[2025-11-28 03:09:30]
0, 0, 0, 4, 26, 60.97
1, 100, 90, 22152, 54, 371.64
2, 100, 90, 22152, 53, 376.20
3, 100, 89, 22152, 53, 373.22
[2025-11-28 03:09:50]
0, 0, 0, 4, 26, 61.32
1, 100, 90, 22152, 54, 359.78
2, 100, 90, 22152, 53, 384.22
3, 100, 90, 22152, 53, 376.73
[2025-11-28 03:10:10]
0, 0, 0, 4, 26, 60.97
1, 100, 90, 22152, 54, 357.72
2, 100, 90, 22152, 53, 376.73
3, 100, 89, 22152, 53, 371.88
[2025-11-28 03:10:30]
0, 0, 0, 4, 26, 60.97
1, 100, 89, 22152, 54, 355.20
2, 100, 89, 22152, 53, 378.16
3, 100, 90, 22152, 53, 376.97
[2025-11-28 03:10:50]
0, 0, 0, 4, 26, 60.97
1, 100, 90, 22152, 54, 372.46
2, 100, 90, 22152, 53, 380.27
3, 100, 89, 22152, 53, 378.76
[2025-11-28 03:11:11]
0, 0, 0, 4, 26, 60.97
1, 100, 90, 22152, 54, 373.14
2, 100, 90, 22152, 53, 381.00
3, 100, 90, 22152, 53, 379.57
[2025-11-28 03:11:31]
0, 0, 0, 4, 26, 61.04
1, 100, 90, 22152, 54, 359.46
2, 100, 90, 22152, 53, 372.98
3, 100, 90, 22152, 53, 376.73
[2025-11-28 03:11:51]
0, 0, 0, 4, 26, 60.97
1, 100, 90, 22152, 54, 364.16
2, 100, 90, 22152, 53, 376.44
3, 100, 90, 22152, 53, 376.06
[2025-11-28 03:12:11]
0, 0, 0, 4, 26, 61.04
1, 100, 90, 22152, 54, 367.99
2, 100, 89, 22152, 53, 383.64
3, 100, 90, 22152, 53, 371.88
[2025-11-28 03:12:31]
0, 0, 0, 4, 26, 61.04
1, 100, 88, 22152, 54, 363.34
2, 100, 89, 22152, 53, 382.66
3, 100, 90, 22152, 53, 372.70
[2025-11-28 03:12:51]
0, 0, 0, 4, 26, 61.04
1, 100, 90, 22152, 54, 357.30
2, 100, 90, 22152, 53, 382.13
3, 100, 90, 22152, 53, 377.42
[2025-11-28 03:13:11]
0, 0, 0, 4, 26, 61.04
1, 100, 90, 22152, 54, 360.42
2, 100, 90, 22152, 53, 375.92
3, 100, 90, 22152, 53, 373.52
[2025-11-28 03:13:31]
0, 0, 0, 4, 26, 60.97
1, 100, 90, 22152, 54, 365.93
2, 100, 90, 22152, 53, 379.13
3, 100, 89, 22152, 53, 378.07
[2025-11-28 03:13:51]
0, 0, 0, 4, 26, 60.97
1, 100, 90, 22152, 54, 374.86
2, 100, 90, 22152, 53, 376.97
3, 100, 90, 22152, 53, 372.32
[2025-11-28 03:14:12]
0, 0, 0, 4, 26, 61.32
1, 100, 90, 22152, 54, 366.99
2, 100, 90, 22152, 53, 381.00
3, 100, 90, 22152, 53, 373.95
[2025-11-28 03:14:32]
0, 0, 0, 4, 26, 60.97
1, 100, 90, 22152, 54, 374.57
2, 100, 90, 22152, 53, 373.32
3, 100, 90, 22152, 53, 369.48
[2025-11-28 03:14:52]
0, 0, 0, 4, 26, 60.97
1, 100, 90, 22152, 54, 358.83
2, 100, 90, 22152, 53, 380.71
3, 100, 90, 22152, 53, 375.62
[2025-11-28 03:15:12]
0, 0, 0, 4, 26, 61.04
1, 100, 90, 22152, 54, 373.52
2, 100, 90, 22152, 53, 385.27
3, 100, 90, 22152, 53, 376.64
[2025-11-28 03:15:32]
0, 0, 0, 4, 26, 60.97
1, 100, 89, 22152, 54, 357.88
2, 100, 90, 22152, 53, 386.09
3, 100, 90, 22152, 53, 372.61
[2025-11-28 03:15:52]
0, 0, 0, 4, 26, 60.97
1, 100, 90, 22152, 54, 370.30
2, 100, 89, 22152, 53, 374.86
3, 100, 90, 22152, 53, 371.26
[2025-11-28 03:16:12]
0, 0, 0, 4, 26, 61.04
1, 100, 89, 22152, 53, 360.70
2, 100, 90, 22152, 52, 382.34
3, 100, 90, 22152, 53, 372.32
[2025-11-28 03:16:32]
0, 0, 0, 4, 26, 60.97
1, 100, 90, 22152, 53, 361.76
2, 100, 90, 22152, 52, 370.82
3, 100, 90, 22152, 53, 369.15
[2025-11-28 03:16:52]
0, 0, 0, 4, 26, 61.04
1, 100, 90, 22152, 53, 364.30
2, 100, 90, 22152, 52, 371.12
3, 100, 90, 22152, 53, 369.68
[2025-11-28 03:17:13]
0, 0, 0, 4, 26, 61.04
1, 100, 90, 22152, 53, 361.36
2, 100, 89, 22152, 52, 362.00
3, 100, 90, 22152, 53, 371.26
[2025-11-28 03:17:33]
0, 0, 0, 4, 26, 61.04
1, 100, 90, 22152, 53, 350.82
2, 100, 89, 22152, 51, 360.42
3, 100, 90, 22152, 52, 360.55
[2025-11-28 03:17:53]
0, 0, 0, 4, 26, 61.11
1, 100, 90, 22152, 53, 354.56
2, 100, 89, 22152, 51, 356.67
3, 100, 90, 22152, 52, 352.81
[2025-11-28 03:18:13]
0, 0, 0, 4, 26, 61.04
1, 100, 90, 22152, 52, 350.00
2, 100, 90, 22152, 51, 351.23
3, 100, 90, 22152, 51, 355.74
[2025-11-28 03:18:33]
0, 0, 0, 4, 26, 61.11
1, 100, 90, 22152, 52, 346.79
2, 100, 89, 22152, 51, 354.98
3, 100, 89, 22152, 51, 344.38
[2025-11-28 03:18:53]
0, 0, 0, 4, 26, 61.11
1, 100, 90, 22152, 52, 337.17
2, 100, 90, 22152, 50, 342.63
3, 100, 90, 22152, 51, 341.16
[2025-11-28 03:19:13]
0, 0, 0, 4, 26, 61.11
1, 100, 90, 22152, 51, 338.51
2, 100, 90, 22152, 50, 342.10
3, 100, 89, 22152, 51, 340.92
[2025-11-28 03:19:33]
0, 0, 0, 4, 26, 61.11
1, 100, 89, 22152, 51, 325.91
2, 100, 89, 22152, 49, 338.51
3, 100, 90, 22152, 50, 333.12
[2025-11-28 03:19:53]
0, 0, 0, 4, 26, 60.58
1, 100, 90, 22152, 51, 334.23
2, 100, 90, 22152, 49, 330.72
3, 100, 90, 22152, 50, 331.82
[2025-11-28 03:20:13]
0, 0, 0, 4, 26, 61.18
1, 100, 90, 22152, 50, 329.13
2, 100, 89, 22152, 49, 326.44
3, 100, 90, 22152, 50, 332.98
[2025-11-28 03:20:34]
0, 0, 0, 4, 26, 61.11
1, 100, 90, 22152, 50, 314.94
2, 100, 89, 22152, 49, 331.54
3, 100, 90, 22152, 49, 329.76
[2025-11-28 03:20:54]
0, 0, 0, 4, 26, 60.82
1, 100, 90, 22152, 50, 319.30
2, 100, 89, 22152, 49, 332.88
3, 100, 90, 22152, 49, 324.32
[2025-11-28 03:21:14]
0, 0, 0, 4, 26, 61.11
1, 100, 89, 22152, 50, 317.35
2, 100, 89, 22152, 49, 325.91
3, 100, 90, 22152, 49, 330.86
[2025-11-28 03:21:34]
0, 0, 0, 4, 26, 60.82
1, 100, 90, 22152, 50, 317.06
2, 100, 90, 22152, 49, 331.82
3, 100, 90, 22152, 49, 326.29
[2025-11-28 03:21:54]
0, 0, 0, 4, 26, 61.11
1, 100, 90, 22152, 50, 315.31
2, 100, 90, 22152, 49, 333.42
3, 100, 89, 22152, 49, 327.88
[2025-11-28 03:22:14]
0, 0, 0, 4, 26, 60.89
1, 100, 90, 22152, 50, 314.65
2, 100, 89, 22152, 49, 330.72
3, 100, 89, 22152, 49, 327.35
[2025-11-28 03:22:34]
0, 0, 0, 4, 26, 61.18
1, 100, 90, 22152, 50, 318.25
2, 100, 89, 22152, 49, 327.25
3, 100, 90, 22152, 49, 326.58
[2025-11-28 03:22:54]
0, 0, 0, 4, 26, 60.82
1, 100, 90, 22152, 50, 318.40
2, 100, 89, 22152, 48, 333.70
3, 100, 90, 22152, 49, 323.35
[2025-11-28 03:23:14]
0, 0, 0, 4, 26, 61.18
1, 100, 90, 22152, 50, 314.49
2, 100, 90, 22152, 49, 325.91
3, 100, 90, 22152, 49, 324.94
[2025-11-28 03:23:35]
0, 0, 0, 4, 26, 60.82
1, 100, 90, 22152, 50, 324.32
2, 100, 90, 22152, 49, 333.12
3, 100, 89, 22152, 49, 329.23
[2025-11-28 03:23:55]
0, 0, 0, 4, 26, 60.82
1, 100, 90, 22152, 50, 323.50
2, 100, 89, 22152, 49, 333.94
3, 100, 89, 22152, 49, 324.94
[2025-11-28 03:24:15]
0, 0, 0, 4, 26, 60.82
1, 100, 90, 22152, 50, 316.29
2, 100, 89, 22152, 49, 329.66
3, 100, 90, 22152, 49, 330.04
[2025-11-28 03:24:35]
0, 0, 0, 4, 26, 61.18
1, 100, 90, 22152, 50, 320.81
2, 100, 89, 22152, 49, 325.38
3, 100, 90, 22152, 49, 328.61
[2025-11-28 03:24:55]
0, 0, 0, 4, 26, 60.82
1, 100, 90, 22152, 50, 325.62
2, 100, 90, 22152, 49, 328.07
3, 100, 90, 22152, 49, 324.94
[2025-11-28 03:25:15]
0, 0, 0, 4, 26, 60.82
1, 100, 90, 22152, 50, 311.72
2, 100, 90, 22152, 49, 327.25
3, 100, 89, 22152, 49, 330.04
[2025-11-28 03:25:35]
0, 0, 0, 4, 26, 60.89
1, 100, 90, 22152, 50, 321.72
2, 100, 90, 22152, 48, 332.60
3, 100, 90, 22152, 49, 325.48
[2025-11-28 03:25:55]
0, 0, 0, 4, 26, 60.82
1, 100, 90, 22152, 50, 316.82
2, 100, 89, 22152, 49, 331.82
3, 100, 89, 22152, 49, 327.35
[2025-11-28 03:26:15]
0, 0, 0, 4, 26, 60.82
1, 100, 90, 22152, 50, 316.00
2, 100, 90, 22152, 49, 329.66
3, 100, 89, 22152, 49, 325.38
[2025-11-28 03:26:36]
0, 0, 0, 4, 26, 60.89
1, 100, 90, 22152, 50, 327.11
2, 100, 89, 22152, 49, 330.48
3, 100, 90, 22152, 49, 326.58
[2025-11-28 03:26:56]
0, 0, 0, 4, 26, 60.82
1, 100, 90, 22152, 50, 324.56
2, 100, 89, 22152, 49, 332.36
3, 100, 90, 22152, 49, 328.70
[2025-11-28 03:27:16]
0, 0, 0, 4, 26, 60.82
1, 100, 90, 22152, 50, 316.00
2, 100, 90, 22152, 49, 332.36
3, 100, 90, 22152, 49, 324.70
[2025-11-28 03:27:36]
0, 0, 0, 4, 26, 60.89
1, 100, 89, 22152, 50, 316.08
2, 100, 90, 22152, 48, 327.79
3, 100, 90, 22152, 49, 325.76
[2025-11-28 03:27:56]
0, 0, 0, 4, 26, 60.89
1, 100, 90, 22152, 50, 312.08
2, 100, 89, 22152, 48, 325.38
3, 100, 90, 22152, 49, 329.76
[2025-11-28 03:28:16]
0, 0, 0, 4, 26, 61.18
1, 100, 90, 22152, 50, 316.37
2, 100, 89, 22152, 48, 329.66
3, 100, 90, 22152, 49, 330.58
[2025-11-28 03:28:36]
0, 0, 0, 4, 26, 60.89
1, 100, 90, 22152, 50, 313.07
2, 100, 90, 22152, 48, 330.72
3, 100, 89, 22152, 49, 330.34
[2025-11-28 03:28:56]
0, 0, 0, 4, 26, 60.82
1, 100, 90, 22152, 50, 316.82
2, 100, 89, 22152, 48, 330.86
3, 100, 89, 22152, 49, 323.59
[2025-11-28 03:29:16]
0, 0, 0, 4, 26, 60.82
1, 100, 90, 22152, 50, 324.17
2, 100, 90, 22152, 49, 328.85
3, 100, 89, 22152, 49, 326.00
[2025-11-28 03:29:37]
0, 0, 0, 4, 26, 60.82
1, 100, 90, 22152, 50, 323.80
2, 100, 89, 22152, 49, 333.70
3, 100, 90, 22152, 49, 326.00
[2025-11-28 03:29:57]
0, 0, 0, 4, 26, 60.89
1, 100, 90, 22152, 50, 319.46
2, 100, 89, 22152, 49, 327.25
3, 100, 89, 22152, 49, 329.52
[2025-11-28 03:30:17]
0, 0, 0, 4, 26, 60.82
1, 100, 90, 22152, 50, 312.25
2, 100, 89, 22152, 49, 326.73
3, 100, 90, 22152, 49, 322.82
