GPU Monitor Started: Fri Nov 28 01:02:13 EST 2025
Update Interval: 20 seconds
Format: [Timestamp] GPU_ID, Util%, Mem%, MemUsed_MB, Temp_C, Power_W
----------------------------------------
[2025-11-28 01:02:13]
0, 0, 0, 0, 27, 61.60
1, 0, 0, 0, 28, 59.23
2, 0, 0, 0, 26, 60.53
3, 0, 0, 0, 26, 60.06
[2025-11-28 01:02:34]
0, 65, 7, 962, 33, 144.17
1, 67, 7, 962, 33, 141.08
2, 77, 8, 962, 33, 157.12
3, 66, 7, 962, 32, 145.69
[2025-11-28 01:02:54]
0, 66, 7, 962, 33, 143.63
1, 66, 7, 962, 34, 141.62
2, 77, 8, 962, 33, 158.47
3, 65, 7, 962, 33, 145.16
[2025-11-28 01:03:14]
0, 65, 7, 962, 34, 146.06
1, 66, 7, 962, 34, 141.91
2, 77, 8, 962, 34, 155.22
3, 66, 7, 962, 33, 148.36
[2025-11-28 01:03:34]
0, 67, 7, 962, 34, 146.06
1, 67, 7, 962, 34, 141.91
2, 76, 8, 962, 34, 156.58
3, 66, 7, 962, 33, 144.86
[2025-11-28 01:03:54]
0, 65, 7, 962, 34, 144.17
1, 65, 7, 962, 34, 141.08
2, 77, 8, 962, 34, 156.58
3, 65, 7, 962, 33, 143.80
[2025-11-28 01:04:14]
0, 65, 7, 962, 34, 146.06
1, 65, 7, 962, 34, 141.98
2, 77, 8, 962, 34, 159.54
3, 65, 7, 962, 33, 146.23
[2025-11-28 01:04:34]
0, 66, 7, 962, 34, 147.12
1, 66, 7, 962, 34, 142.81
2, 77, 8, 962, 34, 160.07
3, 67, 7, 962, 33, 147.83
[2025-11-28 01:04:54]
0, 66, 7, 962, 34, 145.23
1, 66, 7, 962, 34, 143.10
2, 77, 8, 962, 34, 159.54
3, 66, 7, 962, 33, 145.40
[2025-11-28 01:05:14]
0, 67, 7, 962, 34, 146.06
1, 68, 7, 962, 34, 142.81
2, 77, 8, 962, 34, 160.07
3, 68, 7, 962, 33, 148.95
[2025-11-28 01:05:34]
0, 66, 7, 962, 34, 145.52
1, 66, 7, 962, 34, 144.70
2, 77, 8, 962, 34, 159.83
3, 66, 7, 962, 33, 148.36
[2025-11-28 01:05:55]
0, 65, 7, 962, 34, 144.46
1, 64, 7, 962, 34, 140.84
2, 77, 8, 962, 34, 158.47
3, 65, 7, 962, 33, 146.76
[2025-11-28 01:06:15]
0, 69, 7, 962, 34, 149.30
1, 69, 7, 962, 34, 146.30
2, 77, 8, 962, 34, 159.00
3, 69, 7, 962, 33, 150.02
[2025-11-28 01:06:35]
0, 66, 7, 962, 34, 145.69
1, 67, 7, 962, 34, 141.78
2, 0, 0, 4, 27, 61.14
3, 65, 7, 962, 33, 144.79
[2025-11-28 01:06:55]
0, 44, 5, 962, 32, 126.08
1, 44, 5, 962, 33, 122.82
2, 0, 0, 4, 26, 60.39
3, 60, 6, 962, 33, 139.51
[2025-11-28 01:07:15]
0, 4, 0, 962, 31, 87.06
1, 14, 1, 962, 31, 83.55
2, 0, 0, 4, 25, 60.21
3, 0, 0, 4, 27, 73.55
[2025-11-28 01:07:35]
0, 0, 0, 4, 27, 61.60
1, 0, 0, 4, 27, 58.92
2, 0, 0, 4, 25, 60.28
3, 0, 0, 4, 26, 60.06
[2025-11-28 01:07:55]
0, 0, 0, 4, 27, 61.35
1, 0, 0, 4, 27, 58.92
2, 0, 0, 4, 25, 60.28
3, 0, 0, 4, 26, 60.06
[2025-11-28 01:08:15]
0, 0, 0, 4, 26, 61.35
1, 0, 0, 4, 27, 58.92
2, 0, 0, 4, 25, 60.28
3, 0, 0, 4, 25, 59.82
[2025-11-28 01:08:35]
0, 90, 41, 1938, 38, 244.77
1, 90, 41, 1938, 39, 254.15
2, 100, 47, 1938, 39, 272.65
3, 100, 46, 1938, 40, 272.19
[2025-11-28 01:08:56]
0, 88, 40, 1938, 41, 257.90
1, 89, 40, 1938, 42, 239.42
2, 100, 47, 1938, 43, 275.63
3, 100, 46, 1938, 43, 274.28
[2025-11-28 01:09:16]
0, 87, 40, 1938, 42, 250.93
1, 88, 40, 1938, 42, 241.30
2, 100, 47, 1938, 43, 276.17
3, 100, 46, 1938, 44, 274.82
[2025-11-28 01:09:36]
0, 90, 41, 1938, 43, 253.62
1, 90, 41, 1938, 43, 246.40
2, 100, 47, 1938, 44, 276.93
3, 100, 46, 1938, 44, 275.95
[2025-11-28 01:09:56]
0, 90, 41, 1938, 43, 250.39
1, 90, 41, 1938, 43, 241.83
2, 100, 47, 1938, 44, 277.75
3, 100, 46, 1938, 44, 276.17
[2025-11-28 01:10:16]
0, 87, 40, 1938, 43, 242.89
1, 88, 40, 1938, 43, 235.66
2, 100, 47, 1938, 44, 278.28
3, 100, 46, 1938, 45, 276.40
[2025-11-28 01:10:36]
0, 87, 40, 1938, 43, 246.35
1, 87, 40, 1938, 43, 243.71
2, 100, 47, 1938, 44, 277.95
3, 100, 46, 1938, 45, 276.69
[2025-11-28 01:10:56]
0, 92, 42, 1938, 43, 253.04
1, 93, 42, 1938, 43, 246.64
2, 100, 47, 1938, 44, 278.25
3, 100, 46, 1938, 45, 277.23
[2025-11-28 01:11:16]
0, 89, 41, 1938, 43, 249.34
1, 90, 41, 1938, 43, 241.54
2, 100, 47, 1938, 45, 278.49
3, 100, 46, 1938, 45, 273.22
[2025-11-28 01:11:36]
0, 88, 40, 1938, 43, 250.64
1, 90, 41, 1938, 43, 245.06
2, 100, 47, 1938, 44, 278.25
3, 100, 46, 1938, 45, 276.69
[2025-11-28 01:11:56]
0, 91, 42, 1938, 44, 256.26
1, 93, 43, 1938, 44, 249.34
2, 100, 47, 1938, 44, 275.31
3, 100, 46, 1938, 45, 277.23
[2025-11-28 01:12:17]
0, 87, 40, 1938, 43, 245.01
1, 90, 41, 1938, 43, 246.40
2, 100, 47, 1938, 44, 278.49
3, 100, 46, 1938, 45, 276.93
[2025-11-28 01:12:37]
0, 0, 0, 0, 29, 62.43
1, 0, 0, 0, 29, 59.46
2, 0, 0, 0, 28, 61.35
3, 0, 0, 0, 28, 60.89
